<?xml version="1.0" encoding="UTF-8"?>
<!-- Generated by org.testng.reporters.JUnitXMLReporter -->
<testsuite ignored="1" hostname="DESKTOP-EQ55Q8H" failures="0" tests="4" name="Default test" time="157.541" errors="0" timestamp="2025-01-11T15:56:19 IST">
  <testcase classname="easyStockTestCases.TC_Upload_002" name="uploadExistingWarehouse" time="29.959"/>
  <testcase classname="easyStockTestCases.TC_Upload_002" name="uploadItems" time="20.875"/>
  <testcase classname="easyStockTestCases.TC_Upload_002" name="uploadOpeningStock" time="22.28"/>
  <testcase classname="easyStockTestCases.TC_Upload_002" name="uploadClosingStock" time="19.137"/>
  <testcase classname="easyStockTestCases.TC_Upload_002" name="uploadNewWarehouse" time="0.0">
    <ignored/>
  </testcase> <!-- uploadNewWarehouse -->
</testsuite> <!-- Default test -->
