<?xml version="1.0" encoding="UTF-8"?>
<!-- Generated by org.testng.reporters.JUnitXMLReporter -->
<testsuite ignored="1" hostname="DESKTOP-EQ55Q8H" failures="0" tests="16" name="Master Test" time="740.07" errors="0" timestamp="2025-01-10T13:08:42 IST">
  <testcase classname="easyStockTestCases.TC_Login_001" name="loginTest" time="23.004"/>
  <testcase classname="easyStockTestCases.TC_LoginDDT_001" name="loginDDT" time="21.996"/>
  <testcase classname="easyStockTestCases.TC_LoginDDT_001" name="loginDDT" time="8.851"/>
  <testcase classname="easyStockTestCases.TC_LoginDDT_001" name="loginDDT" time="11.247"/>
  <testcase classname="easyStockTestCases.TC_LoginDDT_001" name="loginDDT" time="10.311"/>
  <testcase classname="easyStockTestCases.TC_LoginDDT_001" name="loginDDT" time="10.632"/>
  <testcase classname="easyStockTestCases.TC_subscriptionAddon_001" name="Addon" time="30.415"/>
  <testcase classname="easyStockTestCases.TC_CreateBrach_001" name="CreateBranchTest" time="23.557"/>
  <testcase classname="easyStockTestCases.TC_Upload_002" name="uploadExistingWarehouse" time="44.264"/>
  <testcase classname="easyStockTestCases.TC_Upload_002" name="uploadItems" time="27.688"/>
  <testcase classname="easyStockTestCases.TC_Upload_002" name="uploadOpeningStock" time="30.146"/>
  <testcase classname="easyStockTestCases.TC_Upload_002" name="uploadClosingStock" time="26.379"/>
  <testcase classname="easyStockTestCases.TC_ConfigWarehouse_001" name="Configure" time="52.326"/>
  <testcase classname="easyStockTestCases.TC_User_001" name="createUser" time="77.922"/>
  <testcase classname="easyStockTestCases.TC_User_001" name="editUser" time="88.654"/>
  <testcase classname="easyStockTestCases.TC_User_001" name="editUserwithselectAll" time="45.69"/>
  <testcase classname="easyStockTestCases.TC_Upload_002" name="uploadNewWarehouse" time="0.0">
    <ignored/>
  </testcase> <!-- uploadNewWarehouse -->
</testsuite> <!-- Master Test -->
