<?xml version="1.0" encoding="UTF-8"?>
<!-- Generated by org.testng.reporters.JUnitXMLReporter -->
<testsuite ignored="1" hostname="DESKTOP-EQ55Q8H" failures="0" tests="4" name="Upload Test" time="130.357" errors="0" timestamp="2025-01-03T15:07:36 IST">
  <testcase classname="easyStockTestCases.TC_Upload_002" name="uploadExistingWarehouse" time="26.026"/>
  <testcase classname="easyStockTestCases.TC_Upload_002" name="uploadItems" time="22.313"/>
  <testcase classname="easyStockTestCases.TC_Upload_002" name="uploadOpenStock" time="23.364"/>
  <testcase classname="easyStockTestCases.TC_Upload_002" name="uploadClosingStock" time="23.369"/>
  <testcase classname="easyStockTestCases.TC_Upload_002" name="uploadNewWarehouse" time="0.0">
    <ignored/>
  </testcase> <!-- uploadNewWarehouse -->
</testsuite> <!-- Upload Test -->
