<?xml version="1.0" encoding="UTF-8"?>
<!-- Generated by org.testng.reporters.JUnitXMLReporter -->
<testsuite ignored="3" hostname="DESKTOP-EQ55Q8H" failures="0" tests="2" name="Default test(failed)(failed)" time="93.571" errors="0" timestamp="2025-01-10T12:14:05 IST">
  <testcase classname="easyStockTestCases.TC_Upload_002" name="uploadOpeningStock" time="33.851"/>
  <testcase classname="easyStockTestCases.TC_Upload_002" name="uploadClosingStock" time="26.159"/>
  <testcase classname="easyStockTestCases.TC_Upload_002" name="uploadItems" time="0.0">
    <ignored/>
  </testcase> <!-- uploadItems -->
  <testcase classname="easyStockTestCases.TC_Upload_002" name="uploadExistingWarehouse" time="0.0">
    <ignored/>
  </testcase> <!-- uploadExistingWarehouse -->
  <testcase classname="easyStockTestCases.TC_Upload_002" name="uploadNewWarehouse" time="0.0">
    <ignored/>
  </testcase> <!-- uploadNewWarehouse -->
</testsuite> <!-- Default test(failed)(failed) -->
