<?xml version="1.0" encoding="UTF-8"?>
<testng-results ignored="0" total="4" passed="4" failed="0" skipped="0">
  <reporter-output>
  </reporter-output>
  <suite started-at="2025-01-11T15:53:41 IST" name="Default suite" finished-at="2025-01-11T15:56:19 IST" duration-ms="157541">
    <groups>
    </groups>
    <test started-at="2025-01-11T15:53:41 IST" name="Default test" finished-at="2025-01-11T15:56:19 IST" duration-ms="157541">
      <class name="easyStockTestCases.TC_Upload_002">
        <test-method is-config="true" signature="setup()[pri:0, instance:easyStockTestCases.TC_Upload_002@68c72235]" started-at="2025-01-11T15:53:42 IST" name="setup" finished-at="2025-01-11T15:54:08 IST" duration-ms="26493" status="PASS">
          <reporter-output>
          </reporter-output>
        </test-method> <!-- setup -->
        <test-method is-config="true" signature="beforeEachMethod()[pri:0, instance:easyStockTestCases.TC_Upload_002@68c72235]" started-at="2025-01-11T15:54:08 IST" name="beforeEachMethod" finished-at="2025-01-11T15:54:10 IST" duration-ms="2108" status="PASS">
          <reporter-output>
          </reporter-output>
        </test-method> <!-- beforeEachMethod -->
        <test-method signature="uploadExistingWarehouse()[pri:1, instance:easyStockTestCases.TC_Upload_002@68c72235]" started-at="2025-01-11T15:54:10 IST" name="uploadExistingWarehouse" finished-at="2025-01-11T15:54:40 IST" duration-ms="29959" status="PASS">
          <reporter-output>
          </reporter-output>
        </test-method> <!-- uploadExistingWarehouse -->
        <test-method is-config="true" signature="afterEachMethod()[pri:0, instance:easyStockTestCases.TC_Upload_002@68c72235]" started-at="2025-01-11T15:54:40 IST" name="afterEachMethod" finished-at="2025-01-11T15:54:45 IST" duration-ms="5043" status="PASS">
          <reporter-output>
          </reporter-output>
        </test-method> <!-- afterEachMethod -->
        <test-method is-config="true" signature="afterMethod()[pri:0, instance:easyStockTestCases.TC_Upload_002@68c72235]" started-at="2025-01-11T15:54:45 IST" name="afterMethod" finished-at="2025-01-11T15:54:45 IST" duration-ms="1" status="PASS">
          <reporter-output>
          </reporter-output>
        </test-method> <!-- afterMethod -->
        <test-method is-config="true" signature="beforeEachMethod()[pri:0, instance:easyStockTestCases.TC_Upload_002@68c72235]" started-at="2025-01-11T15:54:45 IST" name="beforeEachMethod" finished-at="2025-01-11T15:54:47 IST" duration-ms="1767" status="PASS">
          <reporter-output>
          </reporter-output>
        </test-method> <!-- beforeEachMethod -->
        <test-method signature="uploadItems()[pri:2, instance:easyStockTestCases.TC_Upload_002@68c72235]" started-at="2025-01-11T15:54:47 IST" name="uploadItems" finished-at="2025-01-11T15:55:08 IST" duration-ms="20875" status="PASS">
          <reporter-output>
          </reporter-output>
        </test-method> <!-- uploadItems -->
        <test-method is-config="true" signature="afterEachMethod()[pri:0, instance:easyStockTestCases.TC_Upload_002@68c72235]" started-at="2025-01-11T15:55:08 IST" name="afterEachMethod" finished-at="2025-01-11T15:55:14 IST" duration-ms="6212" status="PASS">
          <reporter-output>
          </reporter-output>
        </test-method> <!-- afterEachMethod -->
        <test-method is-config="true" signature="afterMethod()[pri:0, instance:easyStockTestCases.TC_Upload_002@68c72235]" started-at="2025-01-11T15:55:14 IST" name="afterMethod" finished-at="2025-01-11T15:55:14 IST" duration-ms="1" status="PASS">
          <reporter-output>
          </reporter-output>
        </test-method> <!-- afterMethod -->
        <test-method is-config="true" signature="beforeEachMethod()[pri:0, instance:easyStockTestCases.TC_Upload_002@68c72235]" started-at="2025-01-11T15:55:14 IST" name="beforeEachMethod" finished-at="2025-01-11T15:55:16 IST" duration-ms="2167" status="PASS">
          <reporter-output>
          </reporter-output>
        </test-method> <!-- beforeEachMethod -->
        <test-method signature="uploadOpeningStock()[pri:3, instance:easyStockTestCases.TC_Upload_002@68c72235]" started-at="2025-01-11T15:55:16 IST" name="uploadOpeningStock" finished-at="2025-01-11T15:55:38 IST" duration-ms="22280" status="PASS">
          <reporter-output>
          </reporter-output>
        </test-method> <!-- uploadOpeningStock -->
        <test-method is-config="true" signature="afterEachMethod()[pri:0, instance:easyStockTestCases.TC_Upload_002@68c72235]" started-at="2025-01-11T15:55:38 IST" name="afterEachMethod" finished-at="2025-01-11T15:55:46 IST" duration-ms="7270" status="PASS">
          <reporter-output>
          </reporter-output>
        </test-method> <!-- afterEachMethod -->
        <test-method is-config="true" signature="afterMethod()[pri:0, instance:easyStockTestCases.TC_Upload_002@68c72235]" started-at="2025-01-11T15:55:46 IST" name="afterMethod" finished-at="2025-01-11T15:55:46 IST" duration-ms="0" status="PASS">
          <reporter-output>
          </reporter-output>
        </test-method> <!-- afterMethod -->
        <test-method is-config="true" signature="beforeEachMethod()[pri:0, instance:easyStockTestCases.TC_Upload_002@68c72235]" started-at="2025-01-11T15:55:46 IST" name="beforeEachMethod" finished-at="2025-01-11T15:55:47 IST" duration-ms="1329" status="PASS">
          <reporter-output>
          </reporter-output>
        </test-method> <!-- beforeEachMethod -->
        <test-method signature="uploadClosingStock()[pri:4, instance:easyStockTestCases.TC_Upload_002@68c72235]" started-at="2025-01-11T15:55:47 IST" name="uploadClosingStock" finished-at="2025-01-11T15:56:06 IST" duration-ms="19137" status="PASS">
          <reporter-output>
          </reporter-output>
        </test-method> <!-- uploadClosingStock -->
        <test-method is-config="true" signature="afterEachMethod()[pri:0, instance:easyStockTestCases.TC_Upload_002@68c72235]" started-at="2025-01-11T15:56:06 IST" name="afterEachMethod" finished-at="2025-01-11T15:56:14 IST" duration-ms="7299" status="PASS">
          <reporter-output>
          </reporter-output>
        </test-method> <!-- afterEachMethod -->
        <test-method is-config="true" signature="afterMethod()[pri:0, instance:easyStockTestCases.TC_Upload_002@68c72235]" started-at="2025-01-11T15:56:14 IST" name="afterMethod" finished-at="2025-01-11T15:56:14 IST" duration-ms="1" status="PASS">
          <reporter-output>
          </reporter-output>
        </test-method> <!-- afterMethod -->
        <test-method is-config="true" signature="teardown()[pri:0, instance:easyStockTestCases.TC_Upload_002@68c72235]" started-at="2025-01-11T15:56:14 IST" name="teardown" finished-at="2025-01-11T15:56:19 IST" duration-ms="5512" status="PASS">
          <reporter-output>
          </reporter-output>
        </test-method> <!-- teardown -->
      </class> <!-- easyStockTestCases.TC_Upload_002 -->
    </test> <!-- Default test -->
  </suite> <!-- Default suite -->
</testng-results>
