<?xml version="1.0" encoding="UTF-8"?>
<!-- Generated by org.testng.reporters.JUnitXMLReporter -->
<testsuite ignored="2" hostname="DESKTOP-EQ55Q8H" failures="1" tests="1" name="Master Test(failed)(failed)" time="81.278" errors="0" timestamp="2025-01-10T12:42:05 IST">
  <testcase classname="easyStockTestCases.TC_User_001" name="editUserwithselectAll" time="45.119">
    <failure type="java.lang.NullPointerException" message="Cannot invoke &amp;quot;easyStockPageObjects.LoginPage.setprofilebtn()&amp;quot; because &amp;quot;this.lp&amp;quot; is null">
      <![CDATA[java.lang.NullPointerException: Cannot invoke "easyStockPageObjects.LoginPage.setprofilebtn()" because "this.lp" is null
at easyStockTestCases.TC_User_001.editUserwithselectAll(TC_User_001.java:296)
at java.base/java.util.ArrayList.forEach(ArrayList.java:1597)
... Removed 25 stack frames]]>
    </failure>
  </testcase> <!-- editUserwithselectAll -->
  <testcase classname="easyStockTestCases.TC_User_001" name="editUser" time="0.0">
    <ignored/>
  </testcase> <!-- editUser -->
  <testcase classname="easyStockTestCases.TC_User_001" name="createUser" time="0.0">
    <ignored/>
  </testcase> <!-- createUser -->
</testsuite> <!-- Master Test(failed)(failed) -->
